<?xml version="1.0" encoding="UTF-8"?>
<!-- Generated by org.testng.reporters.JUnitReportReporter -->
<testsuite hostname="DESKTOP-DIEK45G" failures="0" tests="2" name="qaclickacademy.SeleniumTest" time="0.008" errors="0" timestamp="12 Aug 2023 12:07:41 GMT" skipped="0">
  <testcase classname="qaclickacademy.SeleniumTest" name="BrowserAUtomation" time="0.008"/>
  <testcase classname="qaclickacademy.SeleniumTest" name="elementsUi" time="0.000"/>
</testsuite> <!-- qaclickacademy.SeleniumTest -->
